2026-06-25 10:22:12,529 [INFO] SensorCam: Камера '0' открыта, разрешение 640x480
2026-06-25 10:22:12,551 [INFO] WindowImage: Окно создано, целевой fps=30.0
2026-06-25 10:22:12,551 [INFO] main: Запуск. Для выхода нажмите 'q'
2026-06-25 10:22:48,270 [ERROR] SensorCam: Ошибка чтения кадра — камера отключена?
2026-06-25 10:22:48,270 [ERROR] sensor_worker: Датчик вернул None — останавливаем работу
2026-06-25 10:22:48,287 [INFO] main: Получен сигнал завершения
2026-06-25 10:22:48,288 [INFO] main: Ожидаем завершения потоков...
2026-06-25 10:22:48,551 [INFO] WindowImage: Окно закрыто
2026-06-25 10:22:48,587 [INFO] SensorCam: Камера освобождена
2026-06-25 10:22:48,587 [INFO] main: Все ресурсы освобождены
2026-06-25 10:25:23,317 [INFO] SensorCam: Камера '0' открыта, разрешение 640x480
2026-06-25 10:25:23,337 [INFO] WindowImage: Окно создано, целевой fps=30.0
2026-06-25 10:25:23,338 [INFO] main: Запуск. Для выхода нажмите 'q'
2026-06-25 10:25:23,338 [INFO] main: Ожидаем завершения потоков...
2026-06-25 10:25:24,594 [INFO] SensorCam: Камера освобождена
2026-06-25 10:25:24,595 [INFO] main: Все ресурсы освобождены
2026-06-25 10:28:30,626 [INFO] SensorCam: Камера '0' открыта, разрешение 640x480
2026-06-25 10:28:30,646 [INFO] WindowImage: Окно создано, целевой fps=30.0
2026-06-25 10:28:30,647 [INFO] main: Запуск. Для выхода нажмите q или Esc
2026-06-25 10:29:04,597 [ERROR] SensorCam: Ошибка чтения кадра
2026-06-25 10:29:04,597 [ERROR] sensor_worker: Датчик вернул None — завершаем работу
2026-06-25 10:29:04,619 [INFO] main: Получен сигнал завершения
2026-06-25 10:29:04,619 [INFO] main: Ожидаем завершения потоков...
2026-06-25 10:29:04,680 [INFO] WindowImage: Окно закрыто
2026-06-25 10:29:04,747 [INFO] SensorCam: Камера освобождена
2026-06-25 10:29:04,757 [INFO] main: Все ресурсы освобождены
2026-06-25 10:39:56,879 [INFO] SensorCam: Камера '0' открыта, разрешение 640x480
2026-06-25 10:39:56,902 [INFO] WindowImage: Окно создано, целевой fps=30.0
2026-06-25 10:39:56,902 [INFO] main: Запуск. Для выхода нажмите q или Esc
2026-06-25 10:40:18,323 [INFO] main: Ожидаем завершения потоков...
2026-06-25 10:40:19,159 [INFO] SensorCam: Камера освобождена
2026-06-25 10:40:19,159 [INFO] main: Все ресурсы освобождены
2026-06-25 10:40:19,177 [INFO] WindowImage: Окно закрыто
2026-06-25 10:43:55,375 [INFO] SensorCam: Камера '0' открыта, разрешение 1280x720
2026-06-25 10:43:55,396 [INFO] WindowImage: Окно создано, целевой fps=30.0
2026-06-25 10:43:55,397 [INFO] main: Запуск. Для выхода нажмите q или Esc
2026-06-25 10:44:26,100 [ERROR] SensorCam: Ошибка чтения кадра
2026-06-25 10:44:26,100 [ERROR] sensor_worker: Датчик вернул None — завершаем работу
2026-06-25 10:44:26,138 [INFO] main: Получен сигнал завершения
2026-06-25 10:44:26,138 [INFO] main: Ожидаем завершения потоков...
2026-06-25 10:44:26,402 [INFO] WindowImage: Окно закрыто
2026-06-25 10:44:26,432 [INFO] SensorCam: Камера освобождена
2026-06-25 10:44:26,432 [INFO] main: Все ресурсы освобождены
2026-06-25 10:47:47,407 [INFO] SensorCam: Камера '0' открыта (индекс 0), разрешение 1280x720
2026-06-25 10:47:47,427 [INFO] WindowImage: Окно создано, целевой fps=30.0
2026-06-25 10:47:47,427 [INFO] main: Запуск. Для выхода нажмите q, Esc или Ctrl+C в консоли
2026-06-25 10:48:02,558 [INFO] main: Получен сигнал завершения окна
2026-06-25 10:48:02,558 [INFO] main: Ожидаем завершения потоков...
2026-06-25 10:48:03,443 [INFO] WindowImage: Окно закрыто
2026-06-25 10:48:03,718 [INFO] SensorCam: Камера освобождена
2026-06-25 10:48:03,718 [INFO] main: Все ресурсы освобождены
2026-06-25 10:48:16,396 [INFO] SensorCam: Камера '0' открыта (индекс 0), разрешение 1280x720
2026-06-25 10:48:16,415 [INFO] WindowImage: Окно создано, целевой fps=30.0
2026-06-25 10:48:16,415 [INFO] main: Запуск. Для выхода нажмите q, Esc или Ctrl+C в консоли
2026-06-25 10:48:24,974 [INFO] main: Получен сигнал завершения окна
2026-06-25 10:48:24,974 [INFO] main: Ожидаем завершения потоков...
2026-06-25 10:48:25,441 [INFO] WindowImage: Окно закрыто
2026-06-25 10:48:25,716 [INFO] SensorCam: Камера освобождена
2026-06-25 10:48:25,716 [INFO] main: Все ресурсы освобождены
2026-06-25 10:50:37,865 [INFO] SensorCam: Камера '0' открыта (индекс 0), разрешение 1280x720
2026-06-25 10:50:37,884 [INFO] WindowImage: Окно создано, целевой fps=30.0
2026-06-25 10:50:37,885 [INFO] main: Запуск. Для выхода нажмите q
2026-06-25 10:50:40,771 [INFO] main: Получен сигнал завершения окна
2026-06-25 10:50:40,772 [INFO] main: Ожидаем завершения потоков...
2026-06-25 10:50:40,912 [INFO] WindowImage: Окно закрыто
2026-06-25 10:50:41,183 [INFO] SensorCam: Камера освобождена
2026-06-25 10:50:41,183 [INFO] main: Все ресурсы освобождены
2026-06-25 10:52:47,609 [INFO] SensorCam: Камера '0' открыта (индекс 0), разрешение 1280x720
2026-06-25 10:52:47,630 [INFO] WindowImage: Окно создано, целевой fps=30.0
2026-06-25 10:52:47,631 [INFO] main: Запуск. Для выхода нажмите q
2026-06-25 10:53:00,140 [INFO] main: Получен сигнал завершения окна
2026-06-25 10:53:00,140 [INFO] main: Ожидаем завершения потоков...
2026-06-25 10:53:00,653 [INFO] WindowImage: Окно закрыто
2026-06-25 10:53:00,928 [INFO] SensorCam: Камера освобождена
2026-06-25 10:53:00,928 [INFO] main: Все ресурсы освобождены
